mode: set
github.com/kujira-company/kujira-sc/internal/cmd1/cmd.go:10.28,11.12 1 1
github.com/kujira-company/kujira-sc/internal/cmd1/cmd.go:11.12,13.3 1 1
github.com/kujira-company/kujira-sc/internal/cmd1/cmd.go:14.2,14.14 1 1
github.com/kujira-company/kujira-sc/internal/cmd1/cmd.go:14.14,16.3 1 1
github.com/kujira-company/kujira-sc/internal/cmd1/cmd.go:16.8,16.21 1 1
github.com/kujira-company/kujira-sc/internal/cmd1/cmd.go:16.21,18.3 1 1
github.com/kujira-company/kujira-sc/internal/cmd1/cmd.go:18.8,20.3 1 1
github.com/kujira-company/kujira-sc/internal/cmd1/cmd.go:21.2,21.12 1 1
github.com/kujira-company/kujira-sc/internal/cmd2/cmd.go:5.28,6.14 1 1
github.com/kujira-company/kujira-sc/internal/cmd2/cmd.go:6.14,8.3 1 1
github.com/kujira-company/kujira-sc/internal/cmd2/cmd.go:8.8,10.3 1 1
github.com/kujira-company/kujira-sc/internal/cmd2/cmd.go:11.2,11.12 1 1
